<?xml version="1.0" encoding="UTF-8"?>
<testsuite xmlns:xsi="http://www.w3.org/2001/XMLSchema-instance" xsi:noNamespaceSchemaLocation="https://maven.apache.org/surefire/maven-surefire-plugin/xsd/surefire-test-report.xsd" version="3.0.2" name="TestSuite" time="51.178" tests="6" errors="0" skipped="0" failures="1">
  <properties>
[...]
</properties>
  <testcase name="addTodoItem" classname="com.qacart.todo.testcases.AddTodoCookiesTest" time="11.937">
    <system-out><![CDATA[Request method:	POST
Request URI:	https://qacart-todo.herokuapp.com/api/v1/users/register
Proxy:			<none>
Request params:	<none>
Query params:	<none>
Form params:	<none>
Path params:	<none>
Headers:		Accept=*/*
				Content-Type=application/json
Cookies:		<none>
Multiparts:		<none>
Body:
{
    "email": "Tyson@gmail.com",
    "firstName": "Clydetest",
    "lastName": "Dickenstest",
    "password": "WaleedGamal123"
}
HTTP/1.1 201 Created
Server: Cowboy
Report-To: {"group":"heroku-nel","max_age":3600,"endpoints":[{"url":"https://nel.heroku.com/reports?ts=1739251911&sid=812dcc77-0bd0-43b1-a5f1-b25750382959&s=JtO9O71LBZa0f8s9vrrpTojOtlYw7bE9wOZYFewPFr0%3D"}]}
Reporting-Endpoints: heroku-nel=https://nel.heroku.com/reports?ts=1739251911&sid=812dcc77-0bd0-43b1-a5f1-b25750382959&s=JtO9O71LBZa0f8s9vrrpTojOtlYw7bE9wOZYFewPFr0%3D
Nel: {"report_to":"heroku-nel","max_age":3600,"success_fraction":0.005,"failure_fraction":0.05,"response_headers":["Via"]}
Connection: keep-alive
X-Powered-By: Express
Access-Control-Allow-Origin: *
Set-Cookie: access_token=eyJhbGciOiJIUzI1NiIsInR5cCI6IkpXVCJ9.eyJpZCI6IjY3YWFlMGM3N2I5YTAyMDAxNGI0YTE0NSIsImZpcnN0TmFtZSI6IkNseWRldGVzdCIsImxhc3ROYW1lIjoiRGlja2Vuc3Rlc3QiLCJpYXQiOjE3MzkyNTE5MTF9.re8mGfhYqGQzQAB2H3s-3UrPNFIAjrW71WGNwa68KXA; Path=/
Set-Cookie: userID=j%3A%2267aae0c77b9a020014b4a145%22; Path=/
Set-Cookie: firstName=Clydetest; Path=/
Content-Type: application/json; charset=utf-8
Content-Length: 292
Etag: W/"124-183xVOrUWBKw96pQqR3QVdBmsho"
Date: Tue, 11 Feb 2025 05:31:51 GMT
Via: 1.1 vegur

{
    "access_token": "eyJhbGciOiJIUzI1NiIsInR5cCI6IkpXVCJ9.eyJpZCI6IjY3YWFlMGM3N2I5YTAyMDAxNGI0YTE0NSIsImZpcnN0TmFtZSI6IkNseWRldGVzdCIsImxhc3ROYW1lIjoiRGlja2Vuc3Rlc3QiLCJpYXQiOjE3MzkyNTE5MTF9.re8mGfhYqGQzQAB2H3s-3UrPNFIAjrW71WGNwa68KXA",
    "userID": "67aae0c77b9a020014b4a145",
    "firstName": "Clydetest"
}
]]></system-out>
    <system-err><![CDATA[SLF4J: Failed to load class "org.slf4j.impl.StaticLoggerBinder".
SLF4J: Defaulting to no-operation (NOP) logger implementation
SLF4J: See http://www.slf4j.org/codes.html#StaticLoggerBinder for further details.
Feb 11, 2025 7:31:42 AM org.openqa.selenium.devtools.CdpVersionFinder findNearestMatch
WARNING: Unable to find an exact match for CDP version 133, returning the closest version; found: 131; Please update to a Selenium version that supports CDP version 133
]]></system-err>
  </testcase>
  <testcase name="checkAbleToDeleteTodoTask2" classname="com.qacart.todo.testcases.DeleteTodoItemIndependentTest" time="4.128">
    <system-out><![CDATA[Request method:	POST
Request URI:	https://qacart-todo.herokuapp.com/api/v1/users/register
Proxy:			<none>
Request params:	<none>
Query params:	<none>
Form params:	<none>
Path params:	<none>
Headers:		Accept=*/*
				Content-Type=application/json
Cookies:		<none>
Multiparts:		<none>
Body:
{
    "email": "Noel@gmail.com",
    "firstName": "Glentest",
    "lastName": "Baumbachtest",
    "password": "WaleedGamal123"
}
HTTP/1.1 201 Created
Server: Cowboy
Report-To: {"group":"heroku-nel","max_age":3600,"endpoints":[{"url":"https://nel.heroku.com/reports?ts=1739251921&sid=812dcc77-0bd0-43b1-a5f1-b25750382959&s=iOfzRAuno2Nu%2BoxKPZqT%2FfhLPHrxDH%2FUpNPl%2Bp%2FrEcw%3D"}]}
Reporting-Endpoints: heroku-nel=https://nel.heroku.com/reports?ts=1739251921&sid=812dcc77-0bd0-43b1-a5f1-b25750382959&s=iOfzRAuno2Nu%2BoxKPZqT%2FfhLPHrxDH%2FUpNPl%2Bp%2FrEcw%3D
Nel: {"report_to":"heroku-nel","max_age":3600,"success_fraction":0.005,"failure_fraction":0.05,"response_headers":["Via"]}
Connection: keep-alive
X-Powered-By: Express
Access-Control-Allow-Origin: *
Set-Cookie: access_token=eyJhbGciOiJIUzI1NiIsInR5cCI6IkpXVCJ9.eyJpZCI6IjY3YWFlMGQxN2I5YTAyMDAxNGI0YTE0YyIsImZpcnN0TmFtZSI6IkdsZW50ZXN0IiwibGFzdE5hbWUiOiJCYXVtYmFjaHRlc3QiLCJpYXQiOjE3MzkyNTE5MjF9.hoY1tR0TlgeE9i9PEKoH59s-oMdclu-dPwZ4yxMmqnQ; Path=/
Set-Cookie: userID=j%3A%2267aae0d17b9a020014b4a14c%22; Path=/
Set-Cookie: firstName=Glentest; Path=/
Content-Type: application/json; charset=utf-8
Content-Length: 291
Etag: W/"123-GaikGf0GHv85dBwXcffKnbxWq98"
Date: Tue, 11 Feb 2025 05:32:01 GMT
Via: 1.1 vegur

{
    "access_token": "eyJhbGciOiJIUzI1NiIsInR5cCI6IkpXVCJ9.eyJpZCI6IjY3YWFlMGQxN2I5YTAyMDAxNGI0YTE0YyIsImZpcnN0TmFtZSI6IkdsZW50ZXN0IiwibGFzdE5hbWUiOiJCYXVtYmFjaHRlc3QiLCJpYXQiOjE3MzkyNTE5MjF9.hoY1tR0TlgeE9i9PEKoH59s-oMdclu-dPwZ4yxMmqnQ",
    "userID": "67aae0d17b9a020014b4a14c",
    "firstName": "Glentest"
}
com.qacart.todo.objects.NewTask@10958e5
Request method:	POST
Request URI:	https://qacart-todo.herokuapp.com/api/v1/tasks
Proxy:			<none>
Request params:	<none>
Query params:	<none>
Form params:	<none>
Path params:	<none>
Headers:		Accept=*/*
				Content-Type=application/json
Cookies:		<none>
Multiparts:		<none>
Body:
{
    "item": "learn selenium",
    "isCompleted": false
}
HTTP/1.1 201 Created
Server: Cowboy
Report-To: {"group":"heroku-nel","max_age":3600,"endpoints":[{"url":"https://nel.heroku.com/reports?ts=1739251922&sid=812dcc77-0bd0-43b1-a5f1-b25750382959&s=ILDhAMqUaEM1u6qxENXIWALT9p405iwHQox9Yi9vHDM%3D"}]}
Reporting-Endpoints: heroku-nel=https://nel.heroku.com/reports?ts=1739251922&sid=812dcc77-0bd0-43b1-a5f1-b25750382959&s=ILDhAMqUaEM1u6qxENXIWALT9p405iwHQox9Yi9vHDM%3D
Nel: {"report_to":"heroku-nel","max_age":3600,"success_fraction":0.005,"failure_fraction":0.05,"response_headers":["Via"]}
Connection: keep-alive
X-Powered-By: Express
Access-Control-Allow-Origin: *
Content-Type: application/json; charset=utf-8
Content-Length: 161
Etag: W/"a1-yvtkANOvq4Z8SnLV1aCfLsT1zFU"
Date: Tue, 11 Feb 2025 05:32:02 GMT
Via: 1.1 vegur

{
    "isCompleted": false,
    "_id": "67aae0d27b9a020014b4a14e",
    "item": "learn selenium",
    "userID": "67aae0d17b9a020014b4a14c",
    "createdAt": "2025-02-11T05:32:02.308Z",
    "__v": 0
}
]]></system-out>
    <system-err><![CDATA[Feb 11, 2025 7:31:57 AM org.openqa.selenium.devtools.CdpVersionFinder findNearestMatch
WARNING: Unable to find an exact match for CDP version 133, returning the closest version; found: 131; Please update to a Selenium version that supports CDP version 133
]]></system-err>
  </testcase>
  <testcase name="checkAbleToDeleteTodoTask" classname="com.qacart.todo.testcases.DependOnUserStateDeleteTodoTest" time="6.993">
    <system-err><![CDATA[Feb 11, 2025 7:32:03 AM org.openqa.selenium.devtools.CdpVersionFinder findNearestMatch
WARNING: Unable to find an exact match for CDP version 133, returning the closest version; found: 131; Please update to a Selenium version that supports CDP version 133
]]></system-err>
  </testcase>
  <testcase name="shouldBeAbleLoginWithEmailAndPassword" classname="com.qacart.todo.testcases.LoginTest" time="2.773">
    <system-out><![CDATA[Request method:	POST
Request URI:	https://qacart-todo.herokuapp.com/api/v1/users/register
Proxy:			<none>
Request params:	<none>
Query params:	<none>
Form params:	<none>
Path params:	<none>
Headers:		Accept=*/*
				Content-Type=application/json
Cookies:		<none>
Multiparts:		<none>
Body:
{
    "email": "Julian@gmail.com",
    "firstName": "Roseannatest",
    "lastName": "Gottliebtest",
    "password": "WaleedGamal123"
}
HTTP/1.1 201 Created
Server: Cowboy
Report-To: {"group":"heroku-nel","max_age":3600,"endpoints":[{"url":"https://nel.heroku.com/reports?ts=1739251935&sid=812dcc77-0bd0-43b1-a5f1-b25750382959&s=LduqnX5BtTohfGO%2BzHHe5xKbfSL6Np1l%2B80X9SIM12A%3D"}]}
Reporting-Endpoints: heroku-nel=https://nel.heroku.com/reports?ts=1739251935&sid=812dcc77-0bd0-43b1-a5f1-b25750382959&s=LduqnX5BtTohfGO%2BzHHe5xKbfSL6Np1l%2B80X9SIM12A%3D
Nel: {"report_to":"heroku-nel","max_age":3600,"success_fraction":0.005,"failure_fraction":0.05,"response_headers":["Via"]}
Connection: keep-alive
X-Powered-By: Express
Access-Control-Allow-Origin: *
Set-Cookie: access_token=eyJhbGciOiJIUzI1NiIsInR5cCI6IkpXVCJ9.eyJpZCI6IjY3YWFlMGUwN2I5YTAyMDAxNGI0YTE1OSIsImZpcnN0TmFtZSI6IlJvc2Vhbm5hdGVzdCIsImxhc3ROYW1lIjoiR290dGxpZWJ0ZXN0IiwiaWF0IjoxNzM5MjUxOTM2fQ.fuV1HKG6FpVgk7ul2Dtm2gEnGQYIK2_mknBI2Gq-pZs; Path=/
Set-Cookie: userID=j%3A%2267aae0e07b9a020014b4a159%22; Path=/
Set-Cookie: firstName=Roseannatest; Path=/
Content-Type: application/json; charset=utf-8
Content-Length: 301
Etag: W/"12d-W5LBFGVyrT7oHEYcNru6vxIvibw"
Date: Tue, 11 Feb 2025 05:32:16 GMT
Via: 1.1 vegur

{
    "access_token": "eyJhbGciOiJIUzI1NiIsInR5cCI6IkpXVCJ9.eyJpZCI6IjY3YWFlMGUwN2I5YTAyMDAxNGI0YTE1OSIsImZpcnN0TmFtZSI6IlJvc2Vhbm5hdGVzdCIsImxhc3ROYW1lIjoiR290dGxpZWJ0ZXN0IiwiaWF0IjoxNzM5MjUxOTM2fQ.fuV1HKG6FpVgk7ul2Dtm2gEnGQYIK2_mknBI2Gq-pZs",
    "userID": "67aae0e07b9a020014b4a159",
    "firstName": "Roseannatest"
}
]]></system-out>
    <system-err><![CDATA[Feb 11, 2025 7:32:12 AM org.openqa.selenium.devtools.CdpVersionFinder findNearestMatch
WARNING: Unable to find an exact match for CDP version 133, returning the closest version; found: 131; Please update to a Selenium version that supports CDP version 133
]]></system-err>
  </testcase>
  <testcase name="registerWithValidCredentials" classname="com.qacart.todo.testcases.RegisterTest" time="3.2">
    <system-err><![CDATA[Feb 11, 2025 7:32:16 AM org.openqa.selenium.devtools.CdpVersionFinder findNearestMatch
WARNING: Unable to find an exact match for CDP version 133, returning the closest version; found: 131; Please update to a Selenium version that supports CDP version 133
]]></system-err>
  </testcase>
  <testcase name="addTodoItem" classname="com.qacart.todo.testcases.TodoTest" time="0.698">
    <failure message="something went wrong in the request " type="java.lang.RuntimeException"><![CDATA[java.lang.RuntimeException: something went wrong in the request 
	at com.qacart.todo.api.RegisterApi.register(RegisterApi.java:53)
	at com.qacart.todo.testcases.TodoTest.addTodoItem(TodoTest.java:22)
	at java.base/jdk.internal.reflect.DirectMethodHandleAccessor.invoke(DirectMethodHandleAccessor.java:104)
	at java.base/java.lang.reflect.Method.invoke(Method.java:578)
	at org.testng.internal.invokers.MethodInvocationHelper.invokeMethod(MethodInvocationHelper.java:141)
	at org.testng.internal.invokers.TestInvoker.invokeMethod(TestInvoker.java:686)
	at org.testng.internal.invokers.TestInvoker.invokeTestMethod(TestInvoker.java:230)
	at org.testng.internal.invokers.MethodRunner.runInSequence(MethodRunner.java:63)
	at org.testng.internal.invokers.TestInvoker$MethodInvocationAgent.invoke(TestInvoker.java:992)
	at org.testng.internal.invokers.TestInvoker.invokeTestMethods(TestInvoker.java:203)
	at org.testng.internal.invokers.TestMethodWorker.invokeTestMethods(TestMethodWorker.java:154)
	at org.testng.internal.invokers.TestMethodWorker.run(TestMethodWorker.java:134)
	at java.base/java.util.ArrayList.forEach(ArrayList.java:1511)
	at org.testng.TestRunner.privateRun(TestRunner.java:739)
	at org.testng.TestRunner.run(TestRunner.java:614)
	at org.testng.SuiteRunner.runTest(SuiteRunner.java:421)
	at org.testng.SuiteRunner.runSequentially(SuiteRunner.java:413)
	at org.testng.SuiteRunner.privateRun(SuiteRunner.java:373)
	at org.testng.SuiteRunner.run(SuiteRunner.java:312)
	at org.testng.SuiteRunnerWorker.runSuite(SuiteRunnerWorker.java:52)
	at org.testng.SuiteRunnerWorker.run(SuiteRunnerWorker.java:95)
	at org.testng.TestNG.runSuitesSequentially(TestNG.java:1274)
	at org.testng.TestNG.runSuitesLocally(TestNG.java:1208)
	at org.testng.TestNG.runSuites(TestNG.java:1112)
	at org.testng.TestNG.run(TestNG.java:1079)
	at org.apache.maven.surefire.testng.TestNGExecutor.run(TestNGExecutor.java:155)
	at org.apache.maven.surefire.testng.TestNGDirectoryTestSuite.executeMulti(TestNGDirectoryTestSuite.java:169)
	at org.apache.maven.surefire.testng.TestNGDirectoryTestSuite.execute(TestNGDirectoryTestSuite.java:88)
	at org.apache.maven.surefire.testng.TestNGProvider.invoke(TestNGProvider.java:137)
	at org.apache.maven.surefire.booter.ForkedBooter.runSuitesInProcess(ForkedBooter.java:385)
	at org.apache.maven.surefire.booter.ForkedBooter.execute(ForkedBooter.java:162)
	at org.apache.maven.surefire.booter.ForkedBooter.run(ForkedBooter.java:507)
	at org.apache.maven.surefire.booter.ForkedBooter.main(ForkedBooter.java:495)
]]></failure>
    <system-out><![CDATA[Request method:	POST
Request URI:	https://qacart-todo.herokuapp.com/api/v1/users/register
Proxy:			<none>
Request params:	<none>
Query params:	<none>
Form params:	<none>
Path params:	<none>
Headers:		Accept=*/*
				Content-Type=application/json
Cookies:		<none>
Multiparts:		<none>
Body:
{
    "email": "Justin@gmail.com",
    "firstName": "Carrolltest",
    "lastName": "Flatleytest",
    "password": "WaleedGamal123"
}
HTTP/1.1 400 Bad Request
Server: Cowboy
Report-To: {"group":"heroku-nel","max_age":3600,"endpoints":[{"url":"https://nel.heroku.com/reports?ts=1739251945&sid=812dcc77-0bd0-43b1-a5f1-b25750382959&s=foe86RlfqIReeV50OZGA3s4T3fYkiAdzyrdzKZiRjj4%3D"}]}
Reporting-Endpoints: heroku-nel=https://nel.heroku.com/reports?ts=1739251945&sid=812dcc77-0bd0-43b1-a5f1-b25750382959&s=foe86RlfqIReeV50OZGA3s4T3fYkiAdzyrdzKZiRjj4%3D
Nel: {"report_to":"heroku-nel","max_age":3600,"success_fraction":0.005,"failure_fraction":0.05,"response_headers":["Via"]}
Connection: keep-alive
X-Powered-By: Express
Access-Control-Allow-Origin: *
Content-Type: application/json; charset=utf-8
Content-Length: 53
Etag: W/"35-dsxV0+vy1L0TgNQY0Spaqv/j9fw"
Date: Tue, 11 Feb 2025 05:32:25 GMT
Via: 1.1 vegur

{
    "message": "Email is already exists in the Database"
}
]]></system-out>
    <system-err><![CDATA[Feb 11, 2025 7:32:21 AM org.openqa.selenium.devtools.CdpVersionFinder findNearestMatch
WARNING: Unable to find an exact match for CDP version 133, returning the closest version; found: 131; Please update to a Selenium version that supports CDP version 133
]]></system-err>
  </testcase>
</testsuite>